#
# A fatal error has been detected by the Java Runtime Environment:
#
#  EXCEPTION_ACCESS_VIOLATION (0xc0000005) at pc=0x00007ffc1f92cccc, pid=21692, tid=19524
#
# JRE version: OpenJDK Runtime Environment (11.0+28) (build 11+28)
# Java VM: OpenJDK 64-Bit Server VM (11+28, mixed mode, tiered, compressed oops, g1 gc, windows-amd64)
# Problematic frame:
# V  [jvm.dll+0x6ccccc]
#
# No core dump will be written. Minidumps are not enabled by default on client versions of Windows
#
# If you would like to submit a bug report, please visit:
#   http://bugreport.java.com/bugreport/crash.jsp
#

---------------  S U M M A R Y ------------

Command Line: -Dcom.sun.management.jmxremote -Dcom.sun.management.jmxremote.port=58680 -Dcom.sun.management.jmxremote.authenticate=false -Dcom.sun.management.jmxremote.ssl=false -Djava.rmi.server.hostname=localhost -Dspring.jmx.enabled=true -Dmanagement.endpoints.jmx.exposure.include=* -Dspring.application.admin.enabled=true -XX:TieredStopAtLevel=1 -Dspring.boot.project.name=restapiG -Dfile.encoding=UTF-8 -Dstdout.encoding=UTF-8 -Dstderr.encoding=UTF-8 com.restapi.RestapiGApplication --spring.output.ansi.enabled=always

Host: 13th Gen Intel(R) Core(TM) i7-1360P, 16 cores, 31G,  Windows 10 , 64 bit Build 22621 (10.0.22621.2506)
Time: Fri Dec 22 15:33:08 2023 대한민국 표준시 elapsed time: 0 seconds (0d 0h 0m 0s)

---------------  T H R E A D  ---------------

Current thread (0x0000024b6ecfb800):  WatcherThread [stack: 0x000000a9ef500000,0x000000a9ef600000] [id=19524]

Stack: [0x000000a9ef500000,0x000000a9ef600000],  sp=0x000000a9ef5ff600,  free space=1021k
Native frames: (J=compiled Java code, j=interpreted, Vv=VM code, C=native code)
V  [jvm.dll+0x6ccccc]
V  [jvm.dll+0x71847d]
V  [jvm.dll+0x73de29]
V  [jvm.dll+0x639e42]
C  [ucrtbase.dll+0x29363]
C  [KERNEL32.DLL+0x1257d]
C  [ntdll.dll+0x5aa58]


siginfo: EXCEPTION_ACCESS_VIOLATION (0xc0000005), reading address 0x0000000000000008


Register to memory mapping:

RIP=0x00007ffc1f92cccc jvm.dll
RAX=0x0 is NULL
RBX=0x0 is NULL
RCX=0x0000000800000007 is pointing into metadata
RDX=0x0000000000000040 is an unknown value
RSP=0x000000a9ef5ff600 points into unknown readable memory
RBP=0x0000000000000002 is an unknown value
RSI=0x0000024b6eba92d0 points into unknown readable memory
RDI=0x0 is NULL
R8 =0x0 is NULL
R9 =0x0000024b47d00b80 is at begin+0 in a stub
StubRoutines::atomic_cmpxchg_long [0x0000024b47d00b80, 0x0000024b47d00b89[ (9 bytes)
R10=0x0000000000000001 is an unknown value
R11=0xfffffffff86ae477 is an unknown value
R12=0x0 is NULL
R13=0x0000024b6ecfb800 points into unknown readable memory
R14=0x0000000000000040 is an unknown value
R15=0x0000024b6e6f9810 points into unknown readable memory


Registers:
RAX=0x0000000000000000, RBX=0x0000000000000000, RCX=0x0000000800000007, RDX=0x0000000000000040
RSP=0x000000a9ef5ff600, RBP=0x0000000000000002, RSI=0x0000024b6eba92d0, RDI=0x0000000000000000
R8 =0x0000000000000000, R9 =0x0000024b47d00b80, R10=0x0000000000000001, R11=0xfffffffff86ae477
R12=0x0000000000000000, R13=0x0000024b6ecfb800, R14=0x0000000000000040, R15=0x0000024b6e6f9810
RIP=0x00007ffc1f92cccc, EFLAGS=0x0000000000010202

Top of Stack: (sp=0x000000a9ef5ff600)
0x000000a9ef5ff600:   0000024b6ecfb800 0000024b6ecfb800
0x000000a9ef5ff610:   00000fe6ebf01ae0 00007ffc1f86dac9
0x000000a9ef5ff620:   00007ffc1fceb418 00007ffc1f97847d
0x000000a9ef5ff630:   0000000000000001 0000024b3fa0d1e0
0x000000a9ef5ff640:   0000024b3fa0d1e0 431bde82d7b634db
0x000000a9ef5ff650:   0000024b6e6f9810 00000fe6ebf01ae0
0x000000a9ef5ff660:   0000024b3fa0d1e0 00007ffc1f99de29
0x000000a9ef5ff670:   0000000000000001 0000000000000040
0x000000a9ef5ff680:   0000000000000032 0000000000000002
0x000000a9ef5ff690:   0000000000000000 0000000000000000
0x000000a9ef5ff6a0:   0000000000000000 0000000000000000
0x000000a9ef5ff6b0:   0000000000000000 0000000000000000
0x000000a9ef5ff6c0:   0000000000000000 0000000000000000
0x000000a9ef5ff6d0:   0000000000000000 0000000000000000
0x000000a9ef5ff6e0:   0000000000000000 000000a9ef5ff7a0
0x000000a9ef5ff6f0:   0000024b6ecfb800 00007ffc1f899e42 

Instructions: (pc=0x00007ffc1f92cccc)
0x00007ffc1f92ccac:   35 27 96 3b 00 33 db 48 8b 06 39 18 7e 27 48 89
0x00007ffc1f92ccbc:   7c 24 30 8b fb 48 8b 40 18 48 8b 0c 07 48 8b 01
0x00007ffc1f92cccc:   ff 50 08 48 8b 06 48 8d 7f 08 ff c3 3b 18 7c e5
0x00007ffc1f92ccdc:   48 8b 7c 24 30 48 8b 5c 24 38 48 83 c4 20 5e c3 



---------------  P R O C E S S  ---------------

Threads class SMR info:
_java_thread_list=0x0000024b6ec98550, length=16, elements={
0x0000024b3fa0d800, 0x0000024b6dc51800, 0x0000024b6dc5d000, 0x0000024b6dcc7800,
0x0000024b6dcc8800, 0x0000024b6dcca000, 0x0000024b6dcda000, 0x0000024b6deca800,
0x0000024b6ded1800, 0x0000024b6ded2800, 0x0000024b6ded3800, 0x0000024b6ded4800,
0x0000024b6df64000, 0x0000024b6ec6d000, 0x0000024b6ebce000, 0x0000024b6eceb800
}

Java Threads: ( => current thread )
  0x0000024b3fa0d800 JavaThread "main" [_thread_in_vm, id=12320, stack(0x000000a9edf00000,0x000000a9ee000000)]
  0x0000024b6dc51800 JavaThread "Reference Handler" daemon [_thread_blocked, id=18092, stack(0x000000a9ee600000,0x000000a9ee700000)]
  0x0000024b6dc5d000 JavaThread "Finalizer" daemon [_thread_blocked, id=23492, stack(0x000000a9ee700000,0x000000a9ee800000)]
  0x0000024b6dcc7800 JavaThread "Signal Dispatcher" daemon [_thread_blocked, id=24080, stack(0x000000a9ee800000,0x000000a9ee900000)]
  0x0000024b6dcc8800 JavaThread "Attach Listener" daemon [_thread_blocked, id=9528, stack(0x000000a9ee900000,0x000000a9eea00000)]
  0x0000024b6dcca000 JavaThread "C1 CompilerThread0" daemon [_thread_in_native, id=18116, stack(0x000000a9eea00000,0x000000a9eeb00000)]
  0x0000024b6dcda000 JavaThread "Sweeper thread" daemon [_thread_blocked, id=22788, stack(0x000000a9eeb00000,0x000000a9eec00000)]
  0x0000024b6deca800 JavaThread "Common-Cleaner" daemon [_thread_blocked, id=11352, stack(0x000000a9eec00000,0x000000a9eed00000)]
  0x0000024b6ded1800 JavaThread "C1 CompilerThread1" daemon [_thread_blocked, id=21332, stack(0x000000a9eed00000,0x000000a9eee00000)]
  0x0000024b6ded2800 JavaThread "C1 CompilerThread2" daemon [_thread_blocked, id=1716, stack(0x000000a9eee00000,0x000000a9eef00000)]
  0x0000024b6ded3800 JavaThread "C1 CompilerThread3" daemon [_thread_blocked, id=10064, stack(0x000000a9eef00000,0x000000a9ef000000)]
  0x0000024b6ded4800 JavaThread "C1 CompilerThread4" daemon [_thread_blocked, id=3140, stack(0x000000a9ef000000,0x000000a9ef100000)]
  0x0000024b6df64000 JavaThread "Service Thread" daemon [_thread_blocked, id=19532, stack(0x000000a9ef100000,0x000000a9ef200000)]
  0x0000024b6ec6d000 JavaThread "RMI TCP Accept-0" daemon [_thread_in_native, id=24268, stack(0x000000a9ef200000,0x000000a9ef300000)]
  0x0000024b6ebce000 JavaThread "RMI TCP Accept-58680" daemon [_thread_in_native, id=24216, stack(0x000000a9ef300000,0x000000a9ef400000)]
  0x0000024b6eceb800 JavaThread "RMI TCP Accept-0" daemon [_thread_in_native, id=12440, stack(0x000000a9ef400000,0x000000a9ef500000)]

Other Threads:
  0x0000024b6dc2b800 VMThread "VM Thread" [stack: 0x000000a9ee500000,0x000000a9ee600000] [id=9540]
=>0x0000024b6ecfb800 WatcherThread [stack: 0x000000a9ef500000,0x000000a9ef600000] [id=19524]
  0x0000024b3fa26000 GCTaskThread "GC Thread#0" [stack: 0x000000a9ee000000,0x000000a9ee100000] [id=2228]
  0x0000024b6ecf5800 GCTaskThread "GC Thread#1" [stack: 0x000000a9ef600000,0x000000a9ef700000] [id=24556]
  0x0000024b6ed02000 GCTaskThread "GC Thread#2" [stack: 0x000000a9ef700000,0x000000a9ef800000] [id=7800]
  0x0000024b6ed02800 GCTaskThread "GC Thread#3" [stack: 0x000000a9ef800000,0x000000a9ef900000] [id=11360]
  0x0000024b6ed0b800 GCTaskThread "GC Thread#4" [stack: 0x000000a9ef900000,0x000000a9efa00000] [id=10148]
  0x0000024b6ed0c000 GCTaskThread "GC Thread#5" [stack: 0x000000a9efa00000,0x000000a9efb00000] [id=22044]
  0x0000024b6ed0d000 GCTaskThread "GC Thread#6" [stack: 0x000000a9efb00000,0x000000a9efc00000] [id=6076]
  0x0000024b6ed0d800 GCTaskThread "GC Thread#7" [stack: 0x000000a9efc00000,0x000000a9efd00000] [id=2956]
  0x0000024b6ed12000 GCTaskThread "GC Thread#8" [stack: 0x000000a9efd00000,0x000000a9efe00000] [id=22560]
  0x0000024b6ed13000 GCTaskThread "GC Thread#9" [stack: 0x000000a9efe00000,0x000000a9eff00000] [id=21200]
  0x0000024b6ed13800 GCTaskThread "GC Thread#10" [stack: 0x000000a9eff00000,0x000000a9f0000000] [id=18084]
  0x0000024b6ed14800 GCTaskThread "GC Thread#11" [stack: 0x000000a9f0000000,0x000000a9f0100000] [id=26240]
  0x0000024b3faa8800 ConcurrentGCThread "G1 Main Marker" [stack: 0x000000a9ee100000,0x000000a9ee200000] [id=6536]
  0x0000024b3faaa000 ConcurrentGCThread "G1 Conc#0" [stack: 0x000000a9ee200000,0x000000a9ee300000] [id=24388]
  0x0000024b6ce4d800 ConcurrentGCThread "G1 Refine#0" [stack: 0x000000a9ee300000,0x000000a9ee400000] [id=6844]
  0x0000024b6ce4e800 ConcurrentGCThread "G1 Young RemSet Sampling" [stack: 0x000000a9ee400000,0x000000a9ee500000] [id=24460]

Threads with active compile tasks:
C1 CompilerThread01513       1       sun.net.www.protocol.jar.Handler::indexOfBangSlash (52 bytes)
C1 CompilerThread11514       1       sun.net.www.ParseUtil::canonizeString (38 bytes)
C1 CompilerThread21515       1       java.net.URLStreamHandler::setURL (159 bytes)
C1 CompilerThread31512       1       sun.net.www.protocol.jar.Handler::parseContextSpec (150 bytes)
C1 CompilerThread41511       1       sun.net.www.protocol.jar.Handler::parseURL (190 bytes)

VM state:not at safepoint (normal execution)

VM Mutex/Monitor currently owned by a thread:  ([mutex/lock_event])
[0x0000024b3fa0d1e0] PeriodicTask_lock - owner thread: 0x0000024b6ecfb800

Heap address: 0x0000000607000000, size: 8080 MB, Compressed Oops mode: Zero based, Oop shift amount: 3
Narrow klass base: 0x0000000800000000, Narrow klass shift: 0
Compressed class space size: 1073741824 Address: 0x0000000800000000

Heap:
 garbage-first heap   total 518144K, used 23809K [0x0000000607000000, 0x0000000800000000)
  region size 2048K, 10 young (20480K), 2 survivors (4096K)
 Metaspace       used 14077K, capacity 14500K, committed 14720K, reserved 1062912K
  class space    used 1506K, capacity 1648K, committed 1664K, reserved 1048576K
Heap Regions: E=young(eden), S=young(survivor), O=old, HS=humongous(starts), HC=humongous(continues), CS=collection set, F=free, A=archive, TAMS=top-at-mark-start (previous, next)
|   0|0x0000000607000000, 0x0000000607200000, 0x0000000607200000|100%| O|  |TAMS 0x0000000607000000, 0x0000000607000000| Untracked 
|   1|0x0000000607200000, 0x0000000607400000, 0x0000000607400000|100%| O|  |TAMS 0x0000000607200000, 0x0000000607200000| Untracked 
|   2|0x0000000607400000, 0x0000000607540400, 0x0000000607600000| 62%| O|  |TAMS 0x0000000607400000, 0x0000000607400000| Untracked 
|   3|0x0000000607600000, 0x0000000607600000, 0x0000000607800000|  0%| F|  |TAMS 0x0000000607600000, 0x0000000607600000| Untracked 
|   4|0x0000000607800000, 0x0000000607800000, 0x0000000607a00000|  0%| F|  |TAMS 0x0000000607800000, 0x0000000607800000| Untracked 
|   5|0x0000000607a00000, 0x0000000607a00000, 0x0000000607c00000|  0%| F|  |TAMS 0x0000000607a00000, 0x0000000607a00000| Untracked 
|   6|0x0000000607c00000, 0x0000000607c00000, 0x0000000607e00000|  0%| F|  |TAMS 0x0000000607c00000, 0x0000000607c00000| Untracked 
|   7|0x0000000607e00000, 0x0000000607e00000, 0x0000000608000000|  0%| F|  |TAMS 0x0000000607e00000, 0x0000000607e00000| Untracked 
|   8|0x0000000608000000, 0x0000000608000000, 0x0000000608200000|  0%| F|  |TAMS 0x0000000608000000, 0x0000000608000000| Untracked 
|   9|0x0000000608200000, 0x0000000608200000, 0x0000000608400000|  0%| F|  |TAMS 0x0000000608200000, 0x0000000608200000| Untracked 
|  10|0x0000000608400000, 0x0000000608400000, 0x0000000608600000|  0%| F|  |TAMS 0x0000000608400000, 0x0000000608400000| Untracked 
|  11|0x0000000608600000, 0x0000000608600000, 0x0000000608800000|  0%| F|  |TAMS 0x0000000608600000, 0x0000000608600000| Untracked 
|  12|0x0000000608800000, 0x0000000608800000, 0x0000000608a00000|  0%| F|  |TAMS 0x0000000608800000, 0x0000000608800000| Untracked 
|  13|0x0000000608a00000, 0x0000000608a00000, 0x0000000608c00000|  0%| F|  |TAMS 0x0000000608a00000, 0x0000000608a00000| Untracked 
|  14|0x0000000608c00000, 0x0000000608c00000, 0x0000000608e00000|  0%| F|  |TAMS 0x0000000608c00000, 0x0000000608c00000| Untracked 
|  15|0x0000000608e00000, 0x0000000608e00000, 0x0000000609000000|  0%| F|  |TAMS 0x0000000608e00000, 0x0000000608e00000| Untracked 
|  16|0x0000000609000000, 0x0000000609000000, 0x0000000609200000|  0%| F|  |TAMS 0x0000000609000000, 0x0000000609000000| Untracked 
|  17|0x0000000609200000, 0x0000000609200000, 0x0000000609400000|  0%| F|  |TAMS 0x0000000609200000, 0x0000000609200000| Untracked 
|  18|0x0000000609400000, 0x0000000609400000, 0x0000000609600000|  0%| F|  |TAMS 0x0000000609400000, 0x0000000609400000| Untracked 
|  19|0x0000000609600000, 0x0000000609600000, 0x0000000609800000|  0%| F|  |TAMS 0x0000000609600000, 0x0000000609600000| Untracked 
|  20|0x0000000609800000, 0x0000000609800000, 0x0000000609a00000|  0%| F|  |TAMS 0x0000000609800000, 0x0000000609800000| Untracked 
|  21|0x0000000609a00000, 0x0000000609a00000, 0x0000000609c00000|  0%| F|  |TAMS 0x0000000609a00000, 0x0000000609a00000| Untracked 
|  22|0x0000000609c00000, 0x0000000609c00000, 0x0000000609e00000|  0%| F|  |TAMS 0x0000000609c00000, 0x0000000609c00000| Untracked 
|  23|0x0000000609e00000, 0x0000000609e00000, 0x000000060a000000|  0%| F|  |TAMS 0x0000000609e00000, 0x0000000609e00000| Untracked 
|  24|0x000000060a000000, 0x000000060a000000, 0x000000060a200000|  0%| F|  |TAMS 0x000000060a000000, 0x000000060a000000| Untracked 
|  25|0x000000060a200000, 0x000000060a200000, 0x000000060a400000|  0%| F|  |TAMS 0x000000060a200000, 0x000000060a200000| Untracked 
|  26|0x000000060a400000, 0x000000060a400000, 0x000000060a600000|  0%| F|  |TAMS 0x000000060a400000, 0x000000060a400000| Untracked 
|  27|0x000000060a600000, 0x000000060a600000, 0x000000060a800000|  0%| F|  |TAMS 0x000000060a600000, 0x000000060a600000| Untracked 
|  28|0x000000060a800000, 0x000000060a800000, 0x000000060aa00000|  0%| F|  |TAMS 0x000000060a800000, 0x000000060a800000| Untracked 
|  29|0x000000060aa00000, 0x000000060aa00000, 0x000000060ac00000|  0%| F|  |TAMS 0x000000060aa00000, 0x000000060aa00000| Untracked 
|  30|0x000000060ac00000, 0x000000060ac00000, 0x000000060ae00000|  0%| F|  |TAMS 0x000000060ac00000, 0x000000060ac00000| Untracked 
|  31|0x000000060ae00000, 0x000000060ae00000, 0x000000060b000000|  0%| F|  |TAMS 0x000000060ae00000, 0x000000060ae00000| Untracked 
|  32|0x000000060b000000, 0x000000060b000000, 0x000000060b200000|  0%| F|  |TAMS 0x000000060b000000, 0x000000060b000000| Untracked 
|  33|0x000000060b200000, 0x000000060b200000, 0x000000060b400000|  0%| F|  |TAMS 0x000000060b200000, 0x000000060b200000| Untracked 
|  34|0x000000060b400000, 0x000000060b400000, 0x000000060b600000|  0%| F|  |TAMS 0x000000060b400000, 0x000000060b400000| Untracked 
|  35|0x000000060b600000, 0x000000060b600000, 0x000000060b800000|  0%| F|  |TAMS 0x000000060b600000, 0x000000060b600000| Untracked 
|  36|0x000000060b800000, 0x000000060b800000, 0x000000060ba00000|  0%| F|  |TAMS 0x000000060b800000, 0x000000060b800000| Untracked 
|  37|0x000000060ba00000, 0x000000060ba00000, 0x000000060bc00000|  0%| F|  |TAMS 0x000000060ba00000, 0x000000060ba00000| Untracked 
|  38|0x000000060bc00000, 0x000000060bc00000, 0x000000060be00000|  0%| F|  |TAMS 0x000000060bc00000, 0x000000060bc00000| Untracked 
|  39|0x000000060be00000, 0x000000060be00000, 0x000000060c000000|  0%| F|  |TAMS 0x000000060be00000, 0x000000060be00000| Untracked 
|  40|0x000000060c000000, 0x000000060c000000, 0x000000060c200000|  0%| F|  |TAMS 0x000000060c000000, 0x000000060c000000| Untracked 
|  41|0x000000060c200000, 0x000000060c200000, 0x000000060c400000|  0%| F|  |TAMS 0x000000060c200000, 0x000000060c200000| Untracked 
|  42|0x000000060c400000, 0x000000060c400000, 0x000000060c600000|  0%| F|  |TAMS 0x000000060c400000, 0x000000060c400000| Untracked 
|  43|0x000000060c600000, 0x000000060c600000, 0x000000060c800000|  0%| F|  |TAMS 0x000000060c600000, 0x000000060c600000| Untracked 
|  44|0x000000060c800000, 0x000000060c800000, 0x000000060ca00000|  0%| F|  |TAMS 0x000000060c800000, 0x000000060c800000| Untracked 
|  45|0x000000060ca00000, 0x000000060ca00000, 0x000000060cc00000|  0%| F|  |TAMS 0x000000060ca00000, 0x000000060ca00000| Untracked 
|  46|0x000000060cc00000, 0x000000060cc00000, 0x000000060ce00000|  0%| F|  |TAMS 0x000000060cc00000, 0x000000060cc00000| Untracked 
|  47|0x000000060ce00000, 0x000000060ce00000, 0x000000060d000000|  0%| F|  |TAMS 0x000000060ce00000, 0x000000060ce00000| Untracked 
|  48|0x000000060d000000, 0x000000060d000000, 0x000000060d200000|  0%| F|  |TAMS 0x000000060d000000, 0x000000060d000000| Untracked 
|  49|0x000000060d200000, 0x000000060d200000, 0x000000060d400000|  0%| F|  |TAMS 0x000000060d200000, 0x000000060d200000| Untracked 
|  50|0x000000060d400000, 0x000000060d400000, 0x000000060d600000|  0%| F|  |TAMS 0x000000060d400000, 0x000000060d400000| Untracked 
|  51|0x000000060d600000, 0x000000060d600000, 0x000000060d800000|  0%| F|  |TAMS 0x000000060d600000, 0x000000060d600000| Untracked 
|  52|0x000000060d800000, 0x000000060d800000, 0x000000060da00000|  0%| F|  |TAMS 0x000000060d800000, 0x000000060d800000| Untracked 
|  53|0x000000060da00000, 0x000000060da00000, 0x000000060dc00000|  0%| F|  |TAMS 0x000000060da00000, 0x000000060da00000| Untracked 
|  54|0x000000060dc00000, 0x000000060dc00000, 0x000000060de00000|  0%| F|  |TAMS 0x000000060dc00000, 0x000000060dc00000| Untracked 
|  55|0x000000060de00000, 0x000000060de00000, 0x000000060e000000|  0%| F|  |TAMS 0x000000060de00000, 0x000000060de00000| Untracked 
|  56|0x000000060e000000, 0x000000060e000000, 0x000000060e200000|  0%| F|  |TAMS 0x000000060e000000, 0x000000060e000000| Untracked 
|  57|0x000000060e200000, 0x000000060e200000, 0x000000060e400000|  0%| F|  |TAMS 0x000000060e200000, 0x000000060e200000| Untracked 
|  58|0x000000060e400000, 0x000000060e400000, 0x000000060e600000|  0%| F|  |TAMS 0x000000060e400000, 0x000000060e400000| Untracked 
|  59|0x000000060e600000, 0x000000060e600000, 0x000000060e800000|  0%| F|  |TAMS 0x000000060e600000, 0x000000060e600000| Untracked 
|  60|0x000000060e800000, 0x000000060e800000, 0x000000060ea00000|  0%| F|  |TAMS 0x000000060e800000, 0x000000060e800000| Untracked 
|  61|0x000000060ea00000, 0x000000060ea00000, 0x000000060ec00000|  0%| F|  |TAMS 0x000000060ea00000, 0x000000060ea00000| Untracked 
|  62|0x000000060ec00000, 0x000000060ec00000, 0x000000060ee00000|  0%| F|  |TAMS 0x000000060ec00000, 0x000000060ec00000| Untracked 
|  63|0x000000060ee00000, 0x000000060ee00000, 0x000000060f000000|  0%| F|  |TAMS 0x000000060ee00000, 0x000000060ee00000| Untracked 
|  64|0x000000060f000000, 0x000000060f000000, 0x000000060f200000|  0%| F|  |TAMS 0x000000060f000000, 0x000000060f000000| Untracked 
|  65|0x000000060f200000, 0x000000060f200000, 0x000000060f400000|  0%| F|  |TAMS 0x000000060f200000, 0x000000060f200000| Untracked 
|  66|0x000000060f400000, 0x000000060f400000, 0x000000060f600000|  0%| F|  |TAMS 0x000000060f400000, 0x000000060f400000| Untracked 
|  67|0x000000060f600000, 0x000000060f600000, 0x000000060f800000|  0%| F|  |TAMS 0x000000060f600000, 0x000000060f600000| Untracked 
|  68|0x000000060f800000, 0x000000060f800000, 0x000000060fa00000|  0%| F|  |TAMS 0x000000060f800000, 0x000000060f800000| Untracked 
|  69|0x000000060fa00000, 0x000000060fa00000, 0x000000060fc00000|  0%| F|  |TAMS 0x000000060fa00000, 0x000000060fa00000| Untracked 
|  70|0x000000060fc00000, 0x000000060fc00000, 0x000000060fe00000|  0%| F|  |TAMS 0x000000060fc00000, 0x000000060fc00000| Untracked 
|  71|0x000000060fe00000, 0x000000060fe00000, 0x0000000610000000|  0%| F|  |TAMS 0x000000060fe00000, 0x000000060fe00000| Untracked 
|  72|0x0000000610000000, 0x0000000610000000, 0x0000000610200000|  0%| F|  |TAMS 0x0000000610000000, 0x0000000610000000| Untracked 
|  73|0x0000000610200000, 0x0000000610200000, 0x0000000610400000|  0%| F|  |TAMS 0x0000000610200000, 0x0000000610200000| Untracked 
|  74|0x0000000610400000, 0x0000000610400000, 0x0000000610600000|  0%| F|  |TAMS 0x0000000610400000, 0x0000000610400000| Untracked 
|  75|0x0000000610600000, 0x0000000610600000, 0x0000000610800000|  0%| F|  |TAMS 0x0000000610600000, 0x0000000610600000| Untracked 
|  76|0x0000000610800000, 0x0000000610800000, 0x0000000610a00000|  0%| F|  |TAMS 0x0000000610800000, 0x0000000610800000| Untracked 
|  77|0x0000000610a00000, 0x0000000610a00000, 0x0000000610c00000|  0%| F|  |TAMS 0x0000000610a00000, 0x0000000610a00000| Untracked 
|  78|0x0000000610c00000, 0x0000000610c00000, 0x0000000610e00000|  0%| F|  |TAMS 0x0000000610c00000, 0x0000000610c00000| Untracked 
|  79|0x0000000610e00000, 0x0000000610e00000, 0x0000000611000000|  0%| F|  |TAMS 0x0000000610e00000, 0x0000000610e00000| Untracked 
|  80|0x0000000611000000, 0x0000000611000000, 0x0000000611200000|  0%| F|  |TAMS 0x0000000611000000, 0x0000000611000000| Untracked 
|  81|0x0000000611200000, 0x0000000611200000, 0x0000000611400000|  0%| F|  |TAMS 0x0000000611200000, 0x0000000611200000| Untracked 
|  82|0x0000000611400000, 0x0000000611400000, 0x0000000611600000|  0%| F|  |TAMS 0x0000000611400000, 0x0000000611400000| Untracked 
|  83|0x0000000611600000, 0x0000000611600000, 0x0000000611800000|  0%| F|  |TAMS 0x0000000611600000, 0x0000000611600000| Untracked 
|  84|0x0000000611800000, 0x0000000611800000, 0x0000000611a00000|  0%| F|  |TAMS 0x0000000611800000, 0x0000000611800000| Untracked 
|  85|0x0000000611a00000, 0x0000000611a00000, 0x0000000611c00000|  0%| F|  |TAMS 0x0000000611a00000, 0x0000000611a00000| Untracked 
|  86|0x0000000611c00000, 0x0000000611c00000, 0x0000000611e00000|  0%| F|  |TAMS 0x0000000611c00000, 0x0000000611c00000| Untracked 
|  87|0x0000000611e00000, 0x0000000611e00000, 0x0000000612000000|  0%| F|  |TAMS 0x0000000611e00000, 0x0000000611e00000| Untracked 
|  88|0x0000000612000000, 0x0000000612000000, 0x0000000612200000|  0%| F|  |TAMS 0x0000000612000000, 0x0000000612000000| Untracked 
|  89|0x0000000612200000, 0x0000000612200000, 0x0000000612400000|  0%| F|  |TAMS 0x0000000612200000, 0x0000000612200000| Untracked 
|  90|0x0000000612400000, 0x0000000612400000, 0x0000000612600000|  0%| F|  |TAMS 0x0000000612400000, 0x0000000612400000| Untracked 
|  91|0x0000000612600000, 0x0000000612600000, 0x0000000612800000|  0%| F|  |TAMS 0x0000000612600000, 0x0000000612600000| Untracked 
|  92|0x0000000612800000, 0x0000000612800000, 0x0000000612a00000|  0%| F|  |TAMS 0x0000000612800000, 0x0000000612800000| Untracked 
|  93|0x0000000612a00000, 0x0000000612a00000, 0x0000000612c00000|  0%| F|  |TAMS 0x0000000612a00000, 0x0000000612a00000| Untracked 
|  94|0x0000000612c00000, 0x0000000612c00000, 0x0000000612e00000|  0%| F|  |TAMS 0x0000000612c00000, 0x0000000612c00000| Untracked 
|  95|0x0000000612e00000, 0x0000000612e00000, 0x0000000613000000|  0%| F|  |TAMS 0x0000000612e00000, 0x0000000612e00000| Untracked 
|  96|0x0000000613000000, 0x0000000613000000, 0x0000000613200000|  0%| F|  |TAMS 0x0000000613000000, 0x0000000613000000| Untracked 
|  97|0x0000000613200000, 0x0000000613200000, 0x0000000613400000|  0%| F|  |TAMS 0x0000000613200000, 0x0000000613200000| Untracked 
|  98|0x0000000613400000, 0x0000000613400000, 0x0000000613600000|  0%| F|  |TAMS 0x0000000613400000, 0x0000000613400000| Untracked 
|  99|0x0000000613600000, 0x0000000613600000, 0x0000000613800000|  0%| F|  |TAMS 0x0000000613600000, 0x0000000613600000| Untracked 
| 100|0x0000000613800000, 0x0000000613800000, 0x0000000613a00000|  0%| F|  |TAMS 0x0000000613800000, 0x0000000613800000| Untracked 
| 101|0x0000000613a00000, 0x0000000613a00000, 0x0000000613c00000|  0%| F|  |TAMS 0x0000000613a00000, 0x0000000613a00000| Untracked 
| 102|0x0000000613c00000, 0x0000000613c00000, 0x0000000613e00000|  0%| F|  |TAMS 0x0000000613c00000, 0x0000000613c00000| Untracked 
| 103|0x0000000613e00000, 0x0000000613e00000, 0x0000000614000000|  0%| F|  |TAMS 0x0000000613e00000, 0x0000000613e00000| Untracked 
| 104|0x0000000614000000, 0x0000000614000000, 0x0000000614200000|  0%| F|  |TAMS 0x0000000614000000, 0x0000000614000000| Untracked 
| 105|0x0000000614200000, 0x0000000614200000, 0x0000000614400000|  0%| F|  |TAMS 0x0000000614200000, 0x0000000614200000| Untracked 
| 106|0x0000000614400000, 0x0000000614400000, 0x0000000614600000|  0%| F|  |TAMS 0x0000000614400000, 0x0000000614400000| Untracked 
| 107|0x0000000614600000, 0x0000000614600000, 0x0000000614800000|  0%| F|  |TAMS 0x0000000614600000, 0x0000000614600000| Untracked 
| 108|0x0000000614800000, 0x0000000614800000, 0x0000000614a00000|  0%| F|  |TAMS 0x0000000614800000, 0x0000000614800000| Untracked 
| 109|0x0000000614a00000, 0x0000000614a00000, 0x0000000614c00000|  0%| F|  |TAMS 0x0000000614a00000, 0x0000000614a00000| Untracked 
| 110|0x0000000614c00000, 0x0000000614c00000, 0x0000000614e00000|  0%| F|  |TAMS 0x0000000614c00000, 0x0000000614c00000| Untracked 
| 111|0x0000000614e00000, 0x0000000614e00000, 0x0000000615000000|  0%| F|  |TAMS 0x0000000614e00000, 0x0000000614e00000| Untracked 
| 112|0x0000000615000000, 0x0000000615000000, 0x0000000615200000|  0%| F|  |TAMS 0x0000000615000000, 0x0000000615000000| Untracked 
| 113|0x0000000615200000, 0x0000000615200000, 0x0000000615400000|  0%| F|  |TAMS 0x0000000615200000, 0x0000000615200000| Untracked 
| 114|0x0000000615400000, 0x0000000615400000, 0x0000000615600000|  0%| F|  |TAMS 0x0000000615400000, 0x0000000615400000| Untracked 
| 115|0x0000000615600000, 0x0000000615600000, 0x0000000615800000|  0%| F|  |TAMS 0x0000000615600000, 0x0000000615600000| Untracked 
| 116|0x0000000615800000, 0x0000000615800000, 0x0000000615a00000|  0%| F|  |TAMS 0x0000000615800000, 0x0000000615800000| Untracked 
| 117|0x0000000615a00000, 0x0000000615a00000, 0x0000000615c00000|  0%| F|  |TAMS 0x0000000615a00000, 0x0000000615a00000| Untracked 
| 118|0x0000000615c00000, 0x0000000615c00000, 0x0000000615e00000|  0%| F|  |TAMS 0x0000000615c00000, 0x0000000615c00000| Untracked 
| 119|0x0000000615e00000, 0x0000000615e00000, 0x0000000616000000|  0%| F|  |TAMS 0x0000000615e00000, 0x0000000615e00000| Untracked 
| 120|0x0000000616000000, 0x0000000616000000, 0x0000000616200000|  0%| F|  |TAMS 0x0000000616000000, 0x0000000616000000| Untracked 
| 121|0x0000000616200000, 0x0000000616200000, 0x0000000616400000|  0%| F|  |TAMS 0x0000000616200000, 0x0000000616200000| Untracked 
| 122|0x0000000616400000, 0x0000000616400000, 0x0000000616600000|  0%| F|  |TAMS 0x0000000616400000, 0x0000000616400000| Untracked 
| 123|0x0000000616600000, 0x0000000616600000, 0x0000000616800000|  0%| F|  |TAMS 0x0000000616600000, 0x0000000616600000| Untracked 
| 124|0x0000000616800000, 0x0000000616800000, 0x0000000616a00000|  0%| F|  |TAMS 0x0000000616800000, 0x0000000616800000| Untracked 
| 125|0x0000000616a00000, 0x0000000616a00000, 0x0000000616c00000|  0%| F|  |TAMS 0x0000000616a00000, 0x0000000616a00000| Untracked 
| 126|0x0000000616c00000, 0x0000000616c00000, 0x0000000616e00000|  0%| F|  |TAMS 0x0000000616c00000, 0x0000000616c00000| Untracked 
| 127|0x0000000616e00000, 0x0000000616e00000, 0x0000000617000000|  0%| F|  |TAMS 0x0000000616e00000, 0x0000000616e00000| Untracked 
| 128|0x0000000617000000, 0x0000000617000000, 0x0000000617200000|  0%| F|  |TAMS 0x0000000617000000, 0x0000000617000000| Untracked 
| 129|0x0000000617200000, 0x0000000617200000, 0x0000000617400000|  0%| F|  |TAMS 0x0000000617200000, 0x0000000617200000| Untracked 
| 130|0x0000000617400000, 0x0000000617400000, 0x0000000617600000|  0%| F|  |TAMS 0x0000000617400000, 0x0000000617400000| Untracked 
| 131|0x0000000617600000, 0x0000000617600000, 0x0000000617800000|  0%| F|  |TAMS 0x0000000617600000, 0x0000000617600000| Untracked 
| 132|0x0000000617800000, 0x0000000617800000, 0x0000000617a00000|  0%| F|  |TAMS 0x0000000617800000, 0x0000000617800000| Untracked 
| 133|0x0000000617a00000, 0x0000000617a00000, 0x0000000617c00000|  0%| F|  |TAMS 0x0000000617a00000, 0x0000000617a00000| Untracked 
| 134|0x0000000617c00000, 0x0000000617c00000, 0x0000000617e00000|  0%| F|  |TAMS 0x0000000617c00000, 0x0000000617c00000| Untracked 
| 135|0x0000000617e00000, 0x0000000617e00000, 0x0000000618000000|  0%| F|  |TAMS 0x0000000617e00000, 0x0000000617e00000| Untracked 
| 136|0x0000000618000000, 0x0000000618000000, 0x0000000618200000|  0%| F|  |TAMS 0x0000000618000000, 0x0000000618000000| Untracked 
| 137|0x0000000618200000, 0x0000000618200000, 0x0000000618400000|  0%| F|  |TAMS 0x0000000618200000, 0x0000000618200000| Untracked 
| 138|0x0000000618400000, 0x0000000618400000, 0x0000000618600000|  0%| F|  |TAMS 0x0000000618400000, 0x0000000618400000| Untracked 
| 139|0x0000000618600000, 0x0000000618600000, 0x0000000618800000|  0%| F|  |TAMS 0x0000000618600000, 0x0000000618600000| Untracked 
| 140|0x0000000618800000, 0x0000000618800000, 0x0000000618a00000|  0%| F|  |TAMS 0x0000000618800000, 0x0000000618800000| Untracked 
| 141|0x0000000618a00000, 0x0000000618a00000, 0x0000000618c00000|  0%| F|  |TAMS 0x0000000618a00000, 0x0000000618a00000| Untracked 
| 142|0x0000000618c00000, 0x0000000618c00000, 0x0000000618e00000|  0%| F|  |TAMS 0x0000000618c00000, 0x0000000618c00000| Untracked 
| 143|0x0000000618e00000, 0x0000000618e00000, 0x0000000619000000|  0%| F|  |TAMS 0x0000000618e00000, 0x0000000618e00000| Untracked 
| 144|0x0000000619000000, 0x0000000619000000, 0x0000000619200000|  0%| F|  |TAMS 0x0000000619000000, 0x0000000619000000| Untracked 
| 145|0x0000000619200000, 0x0000000619200000, 0x0000000619400000|  0%| F|  |TAMS 0x0000000619200000, 0x0000000619200000| Untracked 
| 146|0x0000000619400000, 0x0000000619400000, 0x0000000619600000|  0%| F|  |TAMS 0x0000000619400000, 0x0000000619400000| Untracked 
| 147|0x0000000619600000, 0x0000000619600000, 0x0000000619800000|  0%| F|  |TAMS 0x0000000619600000, 0x0000000619600000| Untracked 
| 148|0x0000000619800000, 0x0000000619800000, 0x0000000619a00000|  0%| F|  |TAMS 0x0000000619800000, 0x0000000619800000| Untracked 
| 149|0x0000000619a00000, 0x0000000619a00000, 0x0000000619c00000|  0%| F|  |TAMS 0x0000000619a00000, 0x0000000619a00000| Untracked 
| 150|0x0000000619c00000, 0x0000000619c00000, 0x0000000619e00000|  0%| F|  |TAMS 0x0000000619c00000, 0x0000000619c00000| Untracked 
| 151|0x0000000619e00000, 0x0000000619e00000, 0x000000061a000000|  0%| F|  |TAMS 0x0000000619e00000, 0x0000000619e00000| Untracked 
| 152|0x000000061a000000, 0x000000061a000000, 0x000000061a200000|  0%| F|  |TAMS 0x000000061a000000, 0x000000061a000000| Untracked 
| 153|0x000000061a200000, 0x000000061a200000, 0x000000061a400000|  0%| F|  |TAMS 0x000000061a200000, 0x000000061a200000| Untracked 
| 154|0x000000061a400000, 0x000000061a400000, 0x000000061a600000|  0%| F|  |TAMS 0x000000061a400000, 0x000000061a400000| Untracked 
| 155|0x000000061a600000, 0x000000061a600000, 0x000000061a800000|  0%| F|  |TAMS 0x000000061a600000, 0x000000061a600000| Untracked 
| 156|0x000000061a800000, 0x000000061a800000, 0x000000061aa00000|  0%| F|  |TAMS 0x000000061a800000, 0x000000061a800000| Untracked 
| 157|0x000000061aa00000, 0x000000061aa00000, 0x000000061ac00000|  0%| F|  |TAMS 0x000000061aa00000, 0x000000061aa00000| Untracked 
| 158|0x000000061ac00000, 0x000000061ac00000, 0x000000061ae00000|  0%| F|  |TAMS 0x000000061ac00000, 0x000000061ac00000| Untracked 
| 159|0x000000061ae00000, 0x000000061ae00000, 0x000000061b000000|  0%| F|  |TAMS 0x000000061ae00000, 0x000000061ae00000| Untracked 
| 160|0x000000061b000000, 0x000000061b000000, 0x000000061b200000|  0%| F|  |TAMS 0x000000061b000000, 0x000000061b000000| Untracked 
| 161|0x000000061b200000, 0x000000061b200000, 0x000000061b400000|  0%| F|  |TAMS 0x000000061b200000, 0x000000061b200000| Untracked 
| 162|0x000000061b400000, 0x000000061b400000, 0x000000061b600000|  0%| F|  |TAMS 0x000000061b400000, 0x000000061b400000| Untracked 
| 163|0x000000061b600000, 0x000000061b600000, 0x000000061b800000|  0%| F|  |TAMS 0x000000061b600000, 0x000000061b600000| Untracked 
| 164|0x000000061b800000, 0x000000061b800000, 0x000000061ba00000|  0%| F|  |TAMS 0x000000061b800000, 0x000000061b800000| Untracked 
| 165|0x000000061ba00000, 0x000000061ba00000, 0x000000061bc00000|  0%| F|  |TAMS 0x000000061ba00000, 0x000000061ba00000| Untracked 
| 166|0x000000061bc00000, 0x000000061bc00000, 0x000000061be00000|  0%| F|  |TAMS 0x000000061bc00000, 0x000000061bc00000| Untracked 
| 167|0x000000061be00000, 0x000000061be00000, 0x000000061c000000|  0%| F|  |TAMS 0x000000061be00000, 0x000000061be00000| Untracked 
| 168|0x000000061c000000, 0x000000061c000000, 0x000000061c200000|  0%| F|  |TAMS 0x000000061c000000, 0x000000061c000000| Untracked 
| 169|0x000000061c200000, 0x000000061c200000, 0x000000061c400000|  0%| F|  |TAMS 0x000000061c200000, 0x000000061c200000| Untracked 
| 170|0x000000061c400000, 0x000000061c400000, 0x000000061c600000|  0%| F|  |TAMS 0x000000061c400000, 0x000000061c400000| Untracked 
| 171|0x000000061c600000, 0x000000061c600000, 0x000000061c800000|  0%| F|  |TAMS 0x000000061c600000, 0x000000061c600000| Untracked 
| 172|0x000000061c800000, 0x000000061c800000, 0x000000061ca00000|  0%| F|  |TAMS 0x000000061c800000, 0x000000061c800000| Untracked 
| 173|0x000000061ca00000, 0x000000061ca00000, 0x000000061cc00000|  0%| F|  |TAMS 0x000000061ca00000, 0x000000061ca00000| Untracked 
| 174|0x000000061cc00000, 0x000000061cc00000, 0x000000061ce00000|  0%| F|  |TAMS 0x000000061cc00000, 0x000000061cc00000| Untracked 
| 175|0x000000061ce00000, 0x000000061ce00000, 0x000000061d000000|  0%| F|  |TAMS 0x000000061ce00000, 0x000000061ce00000| Untracked 
| 176|0x000000061d000000, 0x000000061d000000, 0x000000061d200000|  0%| F|  |TAMS 0x000000061d000000, 0x000000061d000000| Untracked 
| 177|0x000000061d200000, 0x000000061d200000, 0x000000061d400000|  0%| F|  |TAMS 0x000000061d200000, 0x000000061d200000| Untracked 
| 178|0x000000061d400000, 0x000000061d400000, 0x000000061d600000|  0%| F|  |TAMS 0x000000061d400000, 0x000000061d400000| Untracked 
| 179|0x000000061d600000, 0x000000061d600000, 0x000000061d800000|  0%| F|  |TAMS 0x000000061d600000, 0x000000061d600000| Untracked 
| 180|0x000000061d800000, 0x000000061d800000, 0x000000061da00000|  0%| F|  |TAMS 0x000000061d800000, 0x000000061d800000| Untracked 
| 181|0x000000061da00000, 0x000000061da00000, 0x000000061dc00000|  0%| F|  |TAMS 0x000000061da00000, 0x000000061da00000| Untracked 
| 182|0x000000061dc00000, 0x000000061dc00000, 0x000000061de00000|  0%| F|  |TAMS 0x000000061dc00000, 0x000000061dc00000| Untracked 
| 183|0x000000061de00000, 0x000000061de00000, 0x000000061e000000|  0%| F|  |TAMS 0x000000061de00000, 0x000000061de00000| Untracked 
| 184|0x000000061e000000, 0x000000061e000000, 0x000000061e200000|  0%| F|  |TAMS 0x000000061e000000, 0x000000061e000000| Untracked 
| 185|0x000000061e200000, 0x000000061e200000, 0x000000061e400000|  0%| F|  |TAMS 0x000000061e200000, 0x000000061e200000| Untracked 
| 186|0x000000061e400000, 0x000000061e400000, 0x000000061e600000|  0%| F|  |TAMS 0x000000061e400000, 0x000000061e400000| Untracked 
| 187|0x000000061e600000, 0x000000061e600000, 0x000000061e800000|  0%| F|  |TAMS 0x000000061e600000, 0x000000061e600000| Untracked 
| 188|0x000000061e800000, 0x000000061e800000, 0x000000061ea00000|  0%| F|  |TAMS 0x000000061e800000, 0x000000061e800000| Untracked 
| 189|0x000000061ea00000, 0x000000061ea00000, 0x000000061ec00000|  0%| F|  |TAMS 0x000000061ea00000, 0x000000061ea00000| Untracked 
| 190|0x000000061ec00000, 0x000000061ec00000, 0x000000061ee00000|  0%| F|  |TAMS 0x000000061ec00000, 0x000000061ec00000| Untracked 
| 191|0x000000061ee00000, 0x000000061ee00000, 0x000000061f000000|  0%| F|  |TAMS 0x000000061ee00000, 0x000000061ee00000| Untracked 
| 192|0x000000061f000000, 0x000000061f000000, 0x000000061f200000|  0%| F|  |TAMS 0x000000061f000000, 0x000000061f000000| Untracked 
| 193|0x000000061f200000, 0x000000061f200000, 0x000000061f400000|  0%| F|  |TAMS 0x000000061f200000, 0x000000061f200000| Untracked 
| 194|0x000000061f400000, 0x000000061f400000, 0x000000061f600000|  0%| F|  |TAMS 0x000000061f400000, 0x000000061f400000| Untracked 
| 195|0x000000061f600000, 0x000000061f600000, 0x000000061f800000|  0%| F|  |TAMS 0x000000061f600000, 0x000000061f600000| Untracked 
| 196|0x000000061f800000, 0x000000061f800000, 0x000000061fa00000|  0%| F|  |TAMS 0x000000061f800000, 0x000000061f800000| Untracked 
| 197|0x000000061fa00000, 0x000000061fa00000, 0x000000061fc00000|  0%| F|  |TAMS 0x000000061fa00000, 0x000000061fa00000| Untracked 
| 198|0x000000061fc00000, 0x000000061fc00000, 0x000000061fe00000|  0%| F|  |TAMS 0x000000061fc00000, 0x000000061fc00000| Untracked 
| 199|0x000000061fe00000, 0x000000061fe00000, 0x0000000620000000|  0%| F|  |TAMS 0x000000061fe00000, 0x000000061fe00000| Untracked 
| 200|0x0000000620000000, 0x0000000620000000, 0x0000000620200000|  0%| F|  |TAMS 0x0000000620000000, 0x0000000620000000| Untracked 
| 201|0x0000000620200000, 0x0000000620200000, 0x0000000620400000|  0%| F|  |TAMS 0x0000000620200000, 0x0000000620200000| Untracked 
| 202|0x0000000620400000, 0x0000000620400000, 0x0000000620600000|  0%| F|  |TAMS 0x0000000620400000, 0x0000000620400000| Untracked 
| 203|0x0000000620600000, 0x0000000620600000, 0x0000000620800000|  0%| F|  |TAMS 0x0000000620600000, 0x0000000620600000| Untracked 
| 204|0x0000000620800000, 0x0000000620800000, 0x0000000620a00000|  0%| F|  |TAMS 0x0000000620800000, 0x0000000620800000| Untracked 
| 205|0x0000000620a00000, 0x0000000620a00000, 0x0000000620c00000|  0%| F|  |TAMS 0x0000000620a00000, 0x0000000620a00000| Untracked 
| 206|0x0000000620c00000, 0x0000000620c00000, 0x0000000620e00000|  0%| F|  |TAMS 0x0000000620c00000, 0x0000000620c00000| Untracked 
| 207|0x0000000620e00000, 0x0000000620e00000, 0x0000000621000000|  0%| F|  |TAMS 0x0000000620e00000, 0x0000000620e00000| Untracked 
| 208|0x0000000621000000, 0x0000000621000000, 0x0000000621200000|  0%| F|  |TAMS 0x0000000621000000, 0x0000000621000000| Untracked 
| 209|0x0000000621200000, 0x0000000621200000, 0x0000000621400000|  0%| F|  |TAMS 0x0000000621200000, 0x0000000621200000| Untracked 
| 210|0x0000000621400000, 0x0000000621400000, 0x0000000621600000|  0%| F|  |TAMS 0x0000000621400000, 0x0000000621400000| Untracked 
| 211|0x0000000621600000, 0x0000000621600000, 0x0000000621800000|  0%| F|  |TAMS 0x0000000621600000, 0x0000000621600000| Untracked 
| 212|0x0000000621800000, 0x0000000621800000, 0x0000000621a00000|  0%| F|  |TAMS 0x0000000621800000, 0x0000000621800000| Untracked 
| 213|0x0000000621a00000, 0x0000000621a00000, 0x0000000621c00000|  0%| F|  |TAMS 0x0000000621a00000, 0x0000000621a00000| Untracked 
| 214|0x0000000621c00000, 0x0000000621c00000, 0x0000000621e00000|  0%| F|  |TAMS 0x0000000621c00000, 0x0000000621c00000| Untracked 
| 215|0x0000000621e00000, 0x0000000621e00000, 0x0000000622000000|  0%| F|  |TAMS 0x0000000621e00000, 0x0000000621e00000| Untracked 
| 216|0x0000000622000000, 0x0000000622000000, 0x0000000622200000|  0%| F|  |TAMS 0x0000000622000000, 0x0000000622000000| Untracked 
| 217|0x0000000622200000, 0x0000000622200000, 0x0000000622400000|  0%| F|  |TAMS 0x0000000622200000, 0x0000000622200000| Untracked 
| 218|0x0000000622400000, 0x0000000622400000, 0x0000000622600000|  0%| F|  |TAMS 0x0000000622400000, 0x0000000622400000| Untracked 
| 219|0x0000000622600000, 0x0000000622600000, 0x0000000622800000|  0%| F|  |TAMS 0x0000000622600000, 0x0000000622600000| Untracked 
| 220|0x0000000622800000, 0x0000000622800000, 0x0000000622a00000|  0%| F|  |TAMS 0x0000000622800000, 0x0000000622800000| Untracked 
| 221|0x0000000622a00000, 0x0000000622a00000, 0x0000000622c00000|  0%| F|  |TAMS 0x0000000622a00000, 0x0000000622a00000| Untracked 
| 222|0x0000000622c00000, 0x0000000622c00000, 0x0000000622e00000|  0%| F|  |TAMS 0x0000000622c00000, 0x0000000622c00000| Untracked 
| 223|0x0000000622e00000, 0x0000000622e00000, 0x0000000623000000|  0%| F|  |TAMS 0x0000000622e00000, 0x0000000622e00000| Untracked 
| 224|0x0000000623000000, 0x0000000623000000, 0x0000000623200000|  0%| F|  |TAMS 0x0000000623000000, 0x0000000623000000| Untracked 
| 225|0x0000000623200000, 0x0000000623200000, 0x0000000623400000|  0%| F|  |TAMS 0x0000000623200000, 0x0000000623200000| Untracked 
| 226|0x0000000623400000, 0x0000000623400000, 0x0000000623600000|  0%| F|  |TAMS 0x0000000623400000, 0x0000000623400000| Untracked 
| 227|0x0000000623600000, 0x0000000623600000, 0x0000000623800000|  0%| F|  |TAMS 0x0000000623600000, 0x0000000623600000| Untracked 
| 228|0x0000000623800000, 0x0000000623800000, 0x0000000623a00000|  0%| F|  |TAMS 0x0000000623800000, 0x0000000623800000| Untracked 
| 229|0x0000000623a00000, 0x0000000623a00000, 0x0000000623c00000|  0%| F|  |TAMS 0x0000000623a00000, 0x0000000623a00000| Untracked 
| 230|0x0000000623c00000, 0x0000000623c00000, 0x0000000623e00000|  0%| F|  |TAMS 0x0000000623c00000, 0x0000000623c00000| Untracked 
| 231|0x0000000623e00000, 0x0000000623e00000, 0x0000000624000000|  0%| F|  |TAMS 0x0000000623e00000, 0x0000000623e00000| Untracked 
| 232|0x0000000624000000, 0x0000000624000000, 0x0000000624200000|  0%| F|  |TAMS 0x0000000624000000, 0x0000000624000000| Untracked 
| 233|0x0000000624200000, 0x0000000624200000, 0x0000000624400000|  0%| F|  |TAMS 0x0000000624200000, 0x0000000624200000| Untracked 
| 234|0x0000000624400000, 0x0000000624400000, 0x0000000624600000|  0%| F|  |TAMS 0x0000000624400000, 0x0000000624400000| Untracked 
| 235|0x0000000624600000, 0x0000000624600000, 0x0000000624800000|  0%| F|  |TAMS 0x0000000624600000, 0x0000000624600000| Untracked 
| 236|0x0000000624800000, 0x0000000624800000, 0x0000000624a00000|  0%| F|  |TAMS 0x0000000624800000, 0x0000000624800000| Untracked 
| 237|0x0000000624a00000, 0x0000000624a00000, 0x0000000624c00000|  0%| F|  |TAMS 0x0000000624a00000, 0x0000000624a00000| Untracked 
| 238|0x0000000624c00000, 0x0000000624c00000, 0x0000000624e00000|  0%| F|  |TAMS 0x0000000624c00000, 0x0000000624c00000| Untracked 
| 239|0x0000000624e00000, 0x0000000625000000, 0x0000000625000000|100%| S|CS|TAMS 0x0000000624e00000, 0x0000000624e00000| Complete 
| 240|0x0000000625000000, 0x0000000625200000, 0x0000000625200000|100%| S|CS|TAMS 0x0000000625000000, 0x0000000625000000| Complete 
| 241|0x0000000625200000, 0x0000000625200000, 0x0000000625400000|  0%| F|  |TAMS 0x0000000625200000, 0x0000000625200000| Untracked 
| 242|0x0000000625400000, 0x0000000625400000, 0x0000000625600000|  0%| F|  |TAMS 0x0000000625400000, 0x0000000625400000| Untracked 
| 243|0x0000000625600000, 0x0000000625600000, 0x0000000625800000|  0%| F|  |TAMS 0x0000000625600000, 0x0000000625600000| Untracked 
| 244|0x0000000625800000, 0x00000006258630f8, 0x0000000625a00000| 19%| E|  |TAMS 0x0000000625800000, 0x0000000625800000| Complete 
| 245|0x0000000625a00000, 0x0000000625c00000, 0x0000000625c00000|100%| E|CS|TAMS 0x0000000625a00000, 0x0000000625a00000| Complete 
| 246|0x0000000625c00000, 0x0000000625e00000, 0x0000000625e00000|100%| E|CS|TAMS 0x0000000625c00000, 0x0000000625c00000| Complete 
| 247|0x0000000625e00000, 0x0000000626000000, 0x0000000626000000|100%| E|CS|TAMS 0x0000000625e00000, 0x0000000625e00000| Complete 
| 248|0x0000000626000000, 0x0000000626200000, 0x0000000626200000|100%| E|CS|TAMS 0x0000000626000000, 0x0000000626000000| Complete 
| 249|0x0000000626200000, 0x0000000626400000, 0x0000000626400000|100%| E|CS|TAMS 0x0000000626200000, 0x0000000626200000| Complete 
| 250|0x0000000626400000, 0x0000000626600000, 0x0000000626600000|100%| E|CS|TAMS 0x0000000626400000, 0x0000000626400000| Complete 
| 251|0x0000000626600000, 0x0000000626800000, 0x0000000626800000|100%| E|CS|TAMS 0x0000000626600000, 0x0000000626600000| Complete 
| 252|0x0000000626800000, 0x0000000626a00000, 0x0000000626a00000|100%| E|CS|TAMS 0x0000000626800000, 0x0000000626800000| Complete 

Card table byte_map: [0x0000024b58560000,0x0000024b59530000] _byte_map_base: 0x0000024b55528000

Marking Bits (Prev, Next): (CMBitMap*) 0x0000024b3fa982c8, (CMBitMap*) 0x0000024b3fa98300
 Prev Bits: [0x0000024b5a500000, 0x0000024b62340000)
 Next Bits: [0x0000024b62340000, 0x0000024b6a180000)

Polling page: 0x0000024b3f1d0000

Metaspace:

Usage:
  Non-class:     12.68 MB capacity,    12.43 MB ( 98%) used,   221.85 KB (  2%) free+waste,    33.50 KB ( <1%) overhead. 
      Class:      1.61 MB capacity,     1.49 MB ( 93%) used,   103.56 KB (  6%) free+waste,    16.50 KB (  1%) overhead. 
       Both:     14.29 MB capacity,    13.92 MB ( 97%) used,   325.41 KB (  2%) free+waste,    50.00 KB ( <1%) overhead. 

Virtual space:
  Non-class space:       14.00 MB reserved,      12.75 MB ( 91%) committed 
      Class space:        1.00 GB reserved,       1.63 MB ( <1%) committed 
             Both:        1.01 GB reserved,      14.38 MB (  1%) committed 

Chunk freelists:
   Non-Class:  1.50 KB
       Class:  2.00 KB
        Both:  3.50 KB

CodeHeap 'non-profiled nmethods': size=233856Kb used=2402Kb max_used=2402Kb free=231453Kb
 bounds [0x0000024b488a0000, 0x0000024b48b10000, 0x0000024b56d00000]
CodeHeap 'non-nmethods': size=11904Kb used=3371Kb max_used=3371Kb free=8532Kb
 bounds [0x0000024b47d00000, 0x0000024b48050000, 0x0000024b488a0000]
 total_blobs=1966 nmethods=1531 adapters=341
 compilation: enabled
              stopped_count=0, restarted_count=0
 full_count=0

Compilation events (10 events):
Event: 0.960 Thread 0x0000024b6dcca000 1392       1       java.lang.ClassLoader::loadClass (7 bytes)
Event: 0.960 Thread 0x0000024b6dcca000 nmethod 1392 0x0000024b48ab0790 code [0x0000024b48ab0940, 0x0000024b48ab0a90]
Event: 0.960 Thread 0x0000024b6ded1800 1393       1       jdk.internal.loader.BuiltinClassLoader::loadClass (22 bytes)
Event: 0.960 Thread 0x0000024b6dcca000 1394       1       java.lang.ClassLoader::checkPackageAccess (102 bytes)
Event: 0.960 Thread 0x0000024b6ded1800 nmethod 1393 0x0000024b48ab0b10 code [0x0000024b48ab0ce0, 0x0000024b48ab0ee0]
Event: 0.960 Thread 0x0000024b6dcca000 nmethod 1394 0x0000024b48ab1010 code [0x0000024b48ab12c0, 0x0000024b48ab1cd0]
Event: 0.961 Thread 0x0000024b6ded3800 1395       1       java.lang.Integer::numberOfLeadingZeros (78 bytes)
Event: 0.961 Thread 0x0000024b6ded4800 1396   !   1       sun.nio.fs.WindowsPath::initOffsets (153 bytes)
Event: 0.961 Thread 0x0000024b6ded3800 nmethod 1395 0x0000024b48ab2390 code [0x0000024b48ab2540, 0x0000024b48ab26b8]
Event: 0.961 Thread 0x0000024b6ded4800 nmethod 1396 0x0000024b48ab2710 code [0x0000024b48ab29c0, 0x0000024b48ab3a30]

GC Heap History (2 events):
Event: 0.905 GC heap before
{Heap before GC invocations=0 (full 0):
 garbage-first heap   total 518144K, used 24576K [0x0000000607000000, 0x0000000800000000)
  region size 2048K, 12 young (24576K), 0 survivors (0K)
 Metaspace       used 12142K, capacity 12592K, committed 12800K, reserved 1060864K
  class space    used 1288K, capacity 1436K, committed 1536K, reserved 1048576K
}
Event: 0.911 GC heap after
{Heap after GC invocations=1 (full 0):
 garbage-first heap   total 518144K, used 9473K [0x0000000607000000, 0x0000000800000000)
  region size 2048K, 2 young (4096K), 2 survivors (4096K)
 Metaspace       used 12142K, capacity 12592K, committed 12800K, reserved 1060864K
  class space    used 1288K, capacity 1436K, committed 1536K, reserved 1048576K
}

Deoptimization events (0 events):
No events

Classes redefined (0 events):
No events

Internal exceptions (10 events):
Event: 0.394 Thread 0x0000024b3fa0d800 Exception <a 'java/lang/NoSuchMethodError'{0x0000000625749840}: java.lang.invoke.DirectMethodHandle$Holder.invokeStatic(Ljava/lang/Object;IIII)Ljava/lang/Object;> (0x0000000625749840) thrown at [t:/workspace/open/src/hotspot/share/interpreter/linkResolver
Event: 0.394 Thread 0x0000024b3fa0d800 Exception <a 'java/lang/NoSuchMethodError'{0x000000062574c958}: java.lang.invoke.DirectMethodHandle$Holder.invokeStaticInit(Ljava/lang/Object;IIII)Ljava/lang/Object;> (0x000000062574c958) thrown at [t:/workspace/open/src/hotspot/share/interpreter/linkReso
Event: 0.872 Thread 0x0000024b3fa0d800 Exception <a 'java/lang/NoSuchMethodError'{0x000000062547a108}: java.lang.invoke.DirectMethodHandle$Holder.invokeStatic(Ljava/lang/Object;Ljava/lang/Object;IIII)Ljava/lang/Object;> (0x000000062547a108) thrown at [t:/workspace/open/src/hotspot/share/interp
Event: 0.872 Thread 0x0000024b3fa0d800 Exception <a 'java/lang/NoSuchMethodError'{0x000000062547d6b0}: java.lang.invoke.DirectMethodHandle$Holder.invokeStaticInit(Ljava/lang/Object;Ljava/lang/Object;IIII)Ljava/lang/Object;> (0x000000062547d6b0) thrown at [t:/workspace/open/src/hotspot/share/in
Event: 0.877 Thread 0x0000024b3fa0d800 Exception <a 'java/lang/ClassNotFoundException'{0x000000062549aec8}: javax/management/remote/rmi/RMIServerImpl_Skel> (0x000000062549aec8) thrown at [t:/workspace/open/src/hotspot/share/classfile/systemDictionary.cpp, line 231]
Event: 0.891 Thread 0x0000024b3fa0d800 Exception <a 'java/lang/ClassNotFoundException'{0x000000062521df70}: jdk/internal/agent/resources/spi/agentProvider> (0x000000062521df70) thrown at [t:/workspace/open/src/hotspot/share/classfile/systemDictionary.cpp, line 231]
Event: 0.893 Thread 0x0000024b3fa0d800 Exception <a 'java/lang/NoSuchMethodError'{0x00000006252738f0}: java.lang.invoke.DirectMethodHandle$Holder.invokeStatic(Ljava/lang/Object;Ljava/lang/Object;Ljava/lang/Object;Ljava/lang/Object;Ljava/lang/Object;Ljava/lang/Object;Ljava/lang/Object;Ljava/lan
Event: 0.894 Thread 0x0000024b3fa0d800 Exception <a 'java/lang/NoSuchMethodError'{0x0000000625280370}: java.lang.invoke.DirectMethodHandle$Holder.invokeStatic(Ljava/lang/Object;Ljava/lang/Object;Ljava/lang/Object;Ljava/lang/Object;Ljava/lang/Object;Ljava/lang/Object;Ljava/lang/Object;Ljava/lan
Event: 0.933 Thread 0x0000024b3fa0d800 Exception <a 'java/lang/ClassNotFoundException'{0x0000000626440aa0}: javax/smartcardio/CardPermission> (0x0000000626440aa0) thrown at [t:/workspace/open/src/hotspot/share/classfile/systemDictionary.cpp, line 231]
Event: 0.934 Thread 0x0000024b3fa0d800 Exception <a 'java/io/FileNotFoundException'{0x000000062644ef88}> (0x000000062644ef88) thrown at [t:/workspace/open/src/hotspot/share/prims/jni.cpp, line 615]

Events (10 events):
Event: 0.960 loading class javax/servlet/Servlet
Event: 0.960 loading class javax/servlet/Servlet done
Event: 0.961 loading class org/springframework/web/context/ConfigurableWebApplicationContext
Event: 0.961 loading class org/springframework/web/context/ConfigurableWebApplicationContext done
Event: 0.961 loading class org/springframework/web/context/WebApplicationContext
Event: 0.961 loading class org/springframework/web/context/WebApplicationContext done
Event: 0.961 loading class org/springframework/context/ConfigurableApplicationContext
Event: 0.961 loading class org/springframework/context/ConfigurableApplicationContext done
Event: 0.961 loading class org/springframework/context/Lifecycle
Event: 0.961 loading class org/springframework/context/Lifecycle done


Dynamic libraries:
0x00007ff602470000 - 0x00007ff6024b5000 	C:\dev\jdk-11\bin\javaw.exe
0x00007ffcc04d0000 - 0x00007ffcc06e7000 	C:\Windows\SYSTEM32\ntdll.dll
0x00007ffcbf310000 - 0x00007ffcbf3d4000 	C:\Windows\System32\KERNEL32.DLL
0x00007ffcbd840000 - 0x00007ffcbdbe6000 	C:\Windows\System32\KERNELBASE.dll
0x00007ffcbef60000 - 0x00007ffcbf10e000 	C:\Windows\System32\USER32.dll
0x00007ffcbddb0000 - 0x00007ffcbddd6000 	C:\Windows\System32\win32u.dll
0x00007ffcbf890000 - 0x00007ffcbf8b9000 	C:\Windows\System32\GDI32.dll
0x00007ffcbdfc0000 - 0x00007ffcbe0d8000 	C:\Windows\System32\gdi32full.dll
0x00007ffcbdd10000 - 0x00007ffcbddaa000 	C:\Windows\System32\msvcp_win.dll
0x00007ffcbdbf0000 - 0x00007ffcbdd01000 	C:\Windows\System32\ucrtbase.dll
0x00007ffca0e40000 - 0x00007ffca10d3000 	C:\Windows\WinSxS\amd64_microsoft.windows.common-controls_6595b64144ccf1df_6.0.22621.2506_none_270c5ae97388e100\COMCTL32.dll
0x00007ffcbe6a0000 - 0x00007ffcbe747000 	C:\Windows\System32\msvcrt.dll
0x00007ffcbf5d0000 - 0x00007ffcbf601000 	C:\Windows\System32\IMM32.DLL
0x00007ffcb0210000 - 0x00007ffcb0226000 	C:\dev\jdk-11\bin\vcruntime140.dll
0x00007ffc6cf50000 - 0x00007ffc6cffa000 	C:\dev\jdk-11\bin\msvcp140.dll
0x00007ffc1f260000 - 0x00007ffc1fda1000 	C:\dev\jdk-11\bin\server\jvm.dll
0x00007ffcbf7d0000 - 0x00007ffcbf881000 	C:\Windows\System32\ADVAPI32.dll
0x00007ffcbf9c0000 - 0x00007ffcbfa65000 	C:\Windows\System32\sechost.dll
0x00007ffcbf440000 - 0x00007ffcbf557000 	C:\Windows\System32\RPCRT4.dll
0x00007ffcbf200000 - 0x00007ffcbf208000 	C:\Windows\System32\PSAPI.DLL
0x00007ffcb5150000 - 0x00007ffcb5184000 	C:\Windows\SYSTEM32\WINMM.dll
0x00007ffc73b40000 - 0x00007ffc73b49000 	C:\Windows\SYSTEM32\WSOCK32.dll
0x00007ffca5580000 - 0x00007ffca558a000 	C:\Windows\SYSTEM32\VERSION.dll
0x00007ffcbe610000 - 0x00007ffcbe681000 	C:\Windows\System32\WS2_32.dll
0x00007ffcbc800000 - 0x00007ffcbc818000 	C:\Windows\SYSTEM32\kernel.appcore.dll
0x00007ffca8c60000 - 0x00007ffca8c71000 	C:\dev\jdk-11\bin\verify.dll
0x00007ffcb0860000 - 0x00007ffcb0a93000 	C:\Windows\SYSTEM32\DBGHELP.DLL
0x00007ffcbebd0000 - 0x00007ffcbef59000 	C:\Windows\System32\combase.dll
0x00007ffcbf8c0000 - 0x00007ffcbf997000 	C:\Windows\System32\OLEAUT32.dll
0x00007ffca1340000 - 0x00007ffca1372000 	C:\Windows\SYSTEM32\dbgcore.DLL
0x00007ffcbe0e0000 - 0x00007ffcbe15a000 	C:\Windows\System32\bcryptPrimitives.dll
0x00007ffca6400000 - 0x00007ffca6428000 	C:\dev\jdk-11\bin\java.dll
0x00007ffc9ca10000 - 0x00007ffc9ca26000 	C:\dev\jdk-11\bin\zip.dll
0x00007ffcb8870000 - 0x00007ffcb887a000 	C:\dev\jdk-11\bin\jimage.dll
0x00007ffcbfa70000 - 0x00007ffcc02ca000 	C:\Windows\System32\SHELL32.dll
0x00007ffcbb450000 - 0x00007ffcbbd46000 	C:\Windows\SYSTEM32\windows.storage.dll
0x00007ffcbb310000 - 0x00007ffcbb44e000 	C:\Windows\SYSTEM32\wintypes.dll
0x00007ffcbe220000 - 0x00007ffcbe313000 	C:\Windows\System32\SHCORE.dll
0x00007ffcbf1a0000 - 0x00007ffcbf1fe000 	C:\Windows\System32\shlwapi.dll
0x00007ffcbd770000 - 0x00007ffcbd796000 	C:\Windows\SYSTEM32\profapi.dll
0x00007ffc9c2b0000 - 0x00007ffc9c2c9000 	C:\dev\jdk-11\bin\net.dll
0x00007ffcbc820000 - 0x00007ffcbc957000 	C:\Windows\SYSTEM32\WINHTTP.dll
0x00007ffcbcdb0000 - 0x00007ffcbce19000 	C:\Windows\system32\mswsock.dll
0x00007ffc9c070000 - 0x00007ffc9c083000 	C:\dev\jdk-11\bin\nio.dll
0x00007ffcb5330000 - 0x00007ffcb5339000 	C:\dev\jdk-11\bin\management.dll
0x00007ffca8b70000 - 0x00007ffca8b7c000 	C:\dev\jdk-11\bin\management_ext.dll
0x00007ffc93ca0000 - 0x00007ffc93cb7000 	C:\Windows\system32\napinsp.dll
0x00007ffc93bd0000 - 0x00007ffc93beb000 	C:\Windows\system32\pnrpnsp.dll
0x00007ffcbbfd0000 - 0x00007ffcbc0c9000 	C:\Windows\SYSTEM32\DNSAPI.dll
0x00007ffcbbfa0000 - 0x00007ffcbbfcd000 	C:\Windows\SYSTEM32\IPHLPAPI.DLL
0x00007ffcbe320000 - 0x00007ffcbe329000 	C:\Windows\System32\NSI.dll
0x00007ffc93710000 - 0x00007ffc93721000 	C:\Windows\System32\winrnr.dll
0x00007ffcb47d0000 - 0x00007ffcb47e5000 	C:\Windows\system32\wshbth.dll
0x00007ffc92e30000 - 0x00007ffc92e51000 	C:\Windows\system32\nlansp_c.dll
0x00007ffcb5da0000 - 0x00007ffcb5daa000 	C:\Windows\System32\rasadhlp.dll
0x00007ffcb4d10000 - 0x00007ffcb4d93000 	C:\Windows\System32\fwpuclnt.dll
0x00007ffcbd050000 - 0x00007ffcbd06b000 	C:\Windows\SYSTEM32\CRYPTSP.dll
0x00007ffcbc760000 - 0x00007ffcbc795000 	C:\Windows\system32\rsaenh.dll
0x00007ffcbce50000 - 0x00007ffcbce7c000 	C:\Windows\SYSTEM32\USERENV.dll
0x00007ffcbd170000 - 0x00007ffcbd198000 	C:\Windows\SYSTEM32\bcrypt.dll
0x00007ffcbcfb0000 - 0x00007ffcbcfbc000 	C:\Windows\SYSTEM32\CRYPTBASE.dll
0x00007ffcb5f20000 - 0x00007ffcb5f39000 	C:\Windows\SYSTEM32\dhcpcsvc6.DLL
0x00007ffcb5ea0000 - 0x00007ffcb5ebf000 	C:\Windows\SYSTEM32\dhcpcsvc.DLL

dbghelp: loaded successfully - version: 4.0.5 - missing functions: none
symbol engine: initialized successfully - sym options: 0x614 - pdb path: .;C:\dev\jdk-11\bin;C:\Windows\SYSTEM32;C:\Windows\WinSxS\amd64_microsoft.windows.common-controls_6595b64144ccf1df_6.0.22621.2506_none_270c5ae97388e100;C:\dev\jdk-11\bin\server

VM Arguments:
jvm_args: -Dcom.sun.management.jmxremote -Dcom.sun.management.jmxremote.port=58680 -Dcom.sun.management.jmxremote.authenticate=false -Dcom.sun.management.jmxremote.ssl=false -Djava.rmi.server.hostname=localhost -Dspring.jmx.enabled=true -Dmanagement.endpoints.jmx.exposure.include=* -Dspring.application.admin.enabled=true -XX:TieredStopAtLevel=1 -Dspring.boot.project.name=restapiG -Dfile.encoding=UTF-8 -Dstdout.encoding=UTF-8 -Dstderr.encoding=UTF-8 
java_command: com.restapi.RestapiGApplication --spring.output.ansi.enabled=always
java_class_path (initial): C:\my-source\restapiG\bin\main;C:\Users\이진주\.gradle\caches\modules-2\files-2.1\org.projectlombok\lombok\1.18.24\13a394eed5c4f9efb2a6d956e2086f1d81e857d9\lombok-1.18.24.jar;C:\Users\이진주\.gradle\caches\modules-2\files-2.1\org.springframework.boot\spring-boot-starter-web\2.7.7\b551cc70136739c9834ed278c25d24efa8abe66e\spring-boot-starter-web-2.7.7.jar;C:\Users\이진주\.gradle\caches\modules-2\files-2.1\org.apache.camel.springboot\camel-spring-boot-starter\3.20.0\72be260f6b10e170c05ca30b83a45b8b1d26a2a1\camel-spring-boot-starter-3.20.0.jar;C:\Users\이진주\.gradle\caches\modules-2\files-2.1\org.apache.camel\camel-endpointdsl\3.20.0\bdf996a7e87887d0fef12cadefa173fa991e8ca0\camel-endpointdsl-3.20.0.jar;C:\Users\이진주\.gradle\caches\modules-2\files-2.1\org.apache.camel\camel-yaml-dsl\3.20.0\341383f2ddf465b912fe0f860b1092109ef879c6\camel-yaml-dsl-3.20.0.jar;C:\Users\이진주\.gradle\caches\modules-2\files-2.1\org.apache.camel.springboot\camel-kafka-starter\3.20.0\d0639d59e71ee1006868b49fb8228acb8dd65991\camel-kafka-starter-3.20.0.jar;C:\Users\이진주\.gradle\caches\modules-2\files-2.1\org.springframework.kafka\spring-kafka\2.8.11\7068d24ea230111777ce60232fa39d4e570d4709\spring-kafka-2.8.11.jar;C:\Users\이진주\.gradle\caches\modules-2\files-2.1\org.apache.camel.springboot\camel-jackson-starter\3.20.0\4858caefd9bee1e6078b78cad3f3412c6e6b14c8\camel-jackson-starter-3.20.0.jar;C:\Users\이진주\.gradle\caches\modules-2\files-2.1\org.apache.camel.springboot\camel-jetty-starter\3.20.0\25397838684c3270dba9a4bb88a757f5ab457e10\camel-jetty-starter-3.20.0.jar;C:\Users\이진주\.gradle\caches\modules-2\files-2.1\org.apache.camel.springboot\camel-servlet-starter\3.20.0\ce925cd42c7286ae1a028613fa3c85c055474ddb\camel-servlet-starter-3.20.0.jar;C:\Users\이진주\.gradle\caches\modules-2\files-2.1\org.apache.camel.springboot\camel-rest-starter\3.20.0\52ad9565e8d8c148613dd34416dd55818ce69adf\camel-rest-starter-3.20.0.jar;C:\Users\이진주\.gradle\caches\modules-2\files-
Launcher Type: SUN_STANDARD

[Global flags]
     intx CICompilerCount                          = 12                                        {product} {ergonomic}
     uint ConcGCThreads                            = 3                                         {product} {ergonomic}
     uint G1ConcRefinementThreads                  = 13                                        {product} {ergonomic}
   size_t G1HeapRegionSize                         = 2097152                                   {product} {ergonomic}
    uintx GCDrainStackTargetSize                   = 64                                        {product} {ergonomic}
   size_t InitialHeapSize                          = 530579456                                 {product} {ergonomic}
     bool ManagementServer                         = true                                      {product} {command line}
   size_t MarkStackSize                            = 4194304                                   {product} {ergonomic}
   size_t MaxHeapSize                              = 8472494080                                {product} {ergonomic}
   size_t MaxNewSize                               = 5083496448                                {product} {ergonomic}
   size_t MinHeapDeltaBytes                        = 2097152                                   {product} {ergonomic}
    uintx NonNMethodCodeHeapSize                   = 12163472                               {pd product} {ergonomic}
    uintx NonProfiledCodeHeapSize                  = 239494768                              {pd product} {ergonomic}
    uintx ProfiledCodeHeapSize                     = 0                                      {pd product} {ergonomic}
    uintx ReservedCodeCacheSize                    = 251658240                              {pd product} {ergonomic}
     bool SegmentedCodeCache                       = true                                      {product} {ergonomic}
     intx TieredStopAtLevel                        = 1                                         {product} {command line}
     bool UseCompressedClassPointers               = true                                 {lp64_product} {ergonomic}
     bool UseCompressedOops                        = true                                 {lp64_product} {ergonomic}
     bool UseG1GC                                  = true                                      {product} {ergonomic}
     bool UseLargePagesIndividualAllocation        = false                                  {pd product} {ergonomic}

Logging:
Log output configuration:
 #0: stdout all=warning uptime,level,tags
 #1: stderr all=off uptime,level,tags

Environment Variables:
JAVA_HOME=C:\dev\jdk-11
PATH=C:/dev/sts/sts-4.20.1.RELEASE//plugins/org.eclipse.justj.openjdk.hotspot.jre.full.win32.x86_64_17.0.8.v20230831-1047/jre/bin/server;C:/dev/sts/sts-4.20.1.RELEASE//plugins/org.eclipse.justj.openjdk.hotspot.jre.full.win32.x86_64_17.0.8.v20230831-1047/jre/bin;C:\Windows\system32;C:\Windows;C:\Windows\System32\Wbem;C:\Windows\System32\WindowsPowerShell\v1.0\;C:\Windows\System32\OpenSSH\;C:\Program Files\TortoiseSVN\bin;C:\Program Files\Bandizip\;C:\Program Files (x86)\nodejs\;C:\Program Files\Git\cmd;"C:\dev\jdk-11\bin";C:\Users\이진주\AppData\Local\Microsoft\WindowsApps;C:\Users\이진주\AppData\Roaming\npm;C:\Users\이진주\AppData\Local\gitkraken\bin;;C:\dev\sts\sts-4.20.1.RELEASE;
USERNAME=이진주
OS=Windows_NT
PROCESSOR_IDENTIFIER=Intel64 Family 6 Model 186 Stepping 2, GenuineIntel



---------------  S Y S T E M  ---------------

OS: Windows 10 , 64 bit Build 22621 (10.0.22621.2506)

CPU:total 16 (initial active 16) (8 cores per cpu, 2 threads per core) family 6 model 186 stepping 2, cmov, cx8, fxsr, mmx, sse, sse2, sse3, ssse3, sse4.1, sse4.2, popcnt, avx, avx2, aes, clmul, erms, 3dnowpref, lzcnt, ht, tsc, tscinvbit, bmi1, bmi2, adx, sha, fma

Memory: 4k page, system-wide physical 32316M (18312M free)
TotalPageFile size 34364M (AvailPageFile size 16344M)
current process WorkingSet (physical memory assigned to process): 103M, peak: 103M
current process commit charge ("private bytes"): 634M, peak: 634M

vm_info: OpenJDK 64-Bit Server VM (11+28) for windows-amd64 JRE (11+28), built on Aug 23 2018 03:04:58 by "mach5one" with MS VC++ 15.5 (VS2017)

END.
